# Running on e04
# Started at Sun Oct 20 15:09:23 EDT 2024
# SLURMD_NODENAME=e04
# SLURM_CLUSTER_NAME=clsp
# SLURM_CONF=/var/spool/slurmd/conf-cache/slurm.conf
# SLURM_CPUS_ON_NODE=8
# SLURM_GPUS=2
# SLURM_GPUS_ON_NODE=2
# SLURM_GTIDS=0
# SLURM_JOBID=219910
# SLURM_JOB_ACCOUNT=a100acct
# SLURM_JOB_CPUS_PER_NODE=8
# SLURM_JOB_GID=21
# SLURM_JOB_GPUS=6,7
# SLURM_JOB_ID=219910
# SLURM_JOB_NAME=train.sh
# SLURM_JOB_NODELIST=e04
# SLURM_JOB_NUM_NODES=1
# SLURM_JOB_PARTITION=gpu-a100
# SLURM_JOB_QOS=normal
# SLURM_JOB_UID=61615
# SLURM_JOB_USER=mkhelfi1
# SLURM_LOCALID=0
# SLURM_MEM_PER_CPU=20480
# SLURM_NNODES=1
# SLURM_NODEID=0
# SLURM_NODELIST=e04
# SLURM_NODE_ALIASES='(null)'
# SLURM_NPROCS=1
# SLURM_NTASKS=1
# SLURM_NTASKS_PER_NODE=1
# SLURM_OPEN_MODE=a
# SLURM_PRIO_PROCESS=0
# SLURM_PROCID=0
# SLURM_SUBMIT_DIR=/home/mkhelfi1/hyperionnew/hyperion/egs/adc24/V0
# SLURM_SUBMIT_HOST=login
# SLURM_TASKS_PER_NODE=1
# SLURM_TASK_PID=2052441
# SLURM_TOPOLOGY_ADDR=e04
# SLURM_TOPOLOGY_ADDR_PATTERN=node
# SLURM_WORKING_CLUSTER=clsp:control1:6817:9472:109
# hyp_utils/conda_env.sh --conda-env hyperionnew --num-gpus 2 local/cuda_test.py 
Python 3.11.9
CUDA_VISIBLE_DEVICES=0,1
W1020 15:09:25.138312 140417188255552 torch/distributed/run.py:779] 
W1020 15:09:25.138312 140417188255552 torch/distributed/run.py:779] *****************************************
W1020 15:09:25.138312 140417188255552 torch/distributed/run.py:779] Setting OMP_NUM_THREADS environment variable for each process to be 1 in default, to avoid your system being overloaded, please further tune the variable for optimal performance in your application as needed. 
W1020 15:09:25.138312 140417188255552 torch/distributed/run.py:779] *****************************************
False
None
False
None
2024-10-20 15:09:26,379 - ERROR - Error checking NCCL availability: Torch not compiled with CUDA enabled
2024-10-20 15:09:26,379 - ERROR - Error retrieving NCCL version: module 'torch._C' has no attribute '_nccl_version'
2024-10-20 15:09:26,386 - ERROR - Error checking NCCL availability: Torch not compiled with CUDA enabled
2024-10-20 15:09:26,386 - ERROR - Error retrieving NCCL version: module 'torch._C' has no attribute '_nccl_version'
# Accounting: begin_time=1729451363
# Accounting: end_time=1729451366
# Accounting: time=3 threads=1
# Finished at Sun Oct 20 15:09:26 EDT 2024 with status 0
